TN:
SF:src/modules/tccs/services/CreateFavoriteTccService.ts
FN:16,(anonymous_5)
FN:24,(anonymous_6)
FNF:2
FNH:2
FNDA:3,(anonymous_5)
FNDA:3,(anonymous_6)
DA:1,1
DA:3,1
DA:15,1
DA:18,3
DA:21,3
DA:25,3
DA:26,3
DA:27,1
DA:30,2
DA:31,2
DA:32,1
DA:35,1
DA:39,1
LF:13
LH:13
BRDA:26,0,0,1
BRDA:26,0,1,2
BRDA:31,1,0,1
BRDA:31,1,1,1
BRF:4
BRH:4
end_of_record
TN:
SF:src/modules/tccs/services/CreateTccService.ts
FN:19,(anonymous_5)
FN:24,(anonymous_6)
FNF:2
FNH:2
FNDA:2,(anonymous_5)
FNDA:3,(anonymous_6)
DA:1,1
DA:3,1
DA:18,1
DA:21,2
DA:32,3
DA:35,3
DA:36,1
DA:39,2
DA:48,2
DA:52,1
LF:10
LH:10
BRDA:35,0,0,1
BRDA:35,0,1,2
BRF:2
BRH:2
end_of_record
TN:
SF:src/modules/tccs/services/DeleteTccService.ts
FN:13,(anonymous_5)
FN:18,(anonymous_6)
FNF:2
FNH:2
FNDA:3,(anonymous_5)
FNDA:3,(anonymous_6)
DA:1,1
DA:2,1
DA:12,1
DA:15,3
DA:19,3
DA:20,3
DA:21,1
DA:24,2
DA:25,1
DA:28,1
DA:32,1
LF:11
LH:11
BRDA:20,0,0,1
BRDA:20,0,1,2
BRDA:24,1,0,1
BRDA:24,1,1,1
BRF:4
BRH:4
end_of_record
TN:
SF:src/modules/tccs/services/ListTccsService.ts
FN:16,(anonymous_4)
FN:21,(anonymous_5)
FNF:2
FNH:2
FNDA:3,(anonymous_4)
FNDA:6,(anonymous_5)
DA:1,1
DA:15,1
DA:18,3
DA:27,6
DA:34,6
DA:38,1
LF:6
LH:6
BRF:0
BRH:0
end_of_record
TN:
SF:src/modules/tccs/services/ListUserCreatedTccsService.ts
FN:14,(anonymous_4)
FN:19,(anonymous_5)
FNF:2
FNH:2
FNDA:1,(anonymous_4)
FNDA:4,(anonymous_5)
DA:1,1
DA:13,1
DA:16,1
DA:20,4
DA:25,4
DA:29,1
LF:6
LH:6
BRF:0
BRH:0
end_of_record
TN:
SF:src/modules/tccs/services/ListUserFavoritedTccsService.ts
FN:14,(anonymous_4)
FN:19,(anonymous_5)
FNF:2
FNH:0
FNDA:0,(anonymous_4)
FNDA:0,(anonymous_5)
DA:1,0
DA:13,0
DA:16,0
DA:20,0
DA:25,0
DA:29,0
LF:6
LH:0
BRF:0
BRH:0
end_of_record
TN:
SF:src/modules/tccs/services/ShowTccService.ts
FN:15,(anonymous_5)
FN:20,(anonymous_6)
FNF:2
FNH:2
FNDA:2,(anonymous_5)
FNDA:2,(anonymous_6)
DA:1,1
DA:3,1
DA:14,1
DA:17,2
DA:21,2
DA:23,2
DA:24,1
DA:27,1
DA:31,1
LF:9
LH:9
BRDA:23,0,0,1
BRDA:23,0,1,1
BRF:2
BRH:2
end_of_record
TN:
SF:src/modules/tccs/services/ShowUserHasFavoritedTccService.ts
FN:12,(anonymous_4)
FN:17,(anonymous_5)
FNF:2
FNH:0
FNDA:0,(anonymous_4)
FNDA:0,(anonymous_5)
DA:1,0
DA:11,0
DA:14,0
DA:18,0
DA:23,0
DA:27,0
LF:6
LH:0
BRF:0
BRH:0
end_of_record
TN:
SF:src/modules/tccs/services/UpdateTccService.ts
FN:21,(anonymous_5)
FN:26,(anonymous_6)
FNF:2
FNH:2
FNDA:4,(anonymous_5)
FNDA:4,(anonymous_6)
DA:1,1
DA:3,1
DA:20,1
DA:23,4
DA:35,4
DA:36,4
DA:37,1
DA:40,3
DA:43,3
DA:44,1
DA:47,2
DA:48,1
DA:51,1
DA:62,1
LF:14
LH:14
BRDA:36,0,0,1
BRDA:36,0,1,3
BRDA:43,1,0,1
BRDA:43,1,1,2
BRDA:43,2,0,3
BRDA:43,2,1,2
BRDA:47,3,0,1
BRDA:47,3,1,1
BRF:8
BRH:8
end_of_record
TN:
SF:src/modules/users/services/AuthenticateUserService.ts
FN:23,(anonymous_5)
FN:31,(anonymous_6)
FNF:2
FNH:2
FNDA:3,(anonymous_5)
FNDA:3,(anonymous_6)
DA:1,1
DA:2,1
DA:3,1
DA:5,1
DA:22,1
DA:25,3
DA:28,3
DA:32,3
DA:34,3
DA:35,1
DA:38,2
DA:43,2
DA:44,1
DA:47,1
DA:49,1
DA:54,1
DA:58,1
LF:17
LH:17
BRDA:34,0,0,1
BRDA:34,0,1,2
BRDA:43,1,0,1
BRDA:43,1,1,1
BRF:4
BRH:4
end_of_record
TN:
SF:src/modules/users/services/CreateUserService.ts
FN:19,(anonymous_5)
FN:27,(anonymous_6)
FNF:2
FNH:2
FNDA:2,(anonymous_5)
FNDA:3,(anonymous_6)
DA:1,1
DA:3,1
DA:18,1
DA:21,2
DA:24,2
DA:34,3
DA:36,3
DA:37,1
DA:40,2
DA:42,2
DA:50,2
DA:54,1
LF:12
LH:12
BRDA:36,0,0,1
BRDA:36,0,1,2
BRF:2
BRH:2
end_of_record
TN:
SF:src/modules/users/services/ResetPasswordService.ts
FN:16,(anonymous_5)
FN:27,(anonymous_6)
FNF:2
FNH:2
FNDA:4,(anonymous_5)
FNDA:4,(anonymous_6)
DA:1,1
DA:2,1
DA:4,1
DA:15,1
DA:18,4
DA:21,4
DA:24,4
DA:28,4
DA:30,4
DA:31,1
DA:34,3
DA:36,3
DA:37,1
DA:40,2
DA:41,2
DA:43,2
DA:44,1
DA:47,1
DA:49,1
DA:53,1
LF:20
LH:20
BRDA:30,0,0,1
BRDA:30,0,1,3
BRDA:36,1,0,1
BRDA:36,1,1,2
BRDA:43,2,0,1
BRDA:43,2,1,1
BRF:6
BRH:6
end_of_record
TN:
SF:src/modules/users/services/SendForgotPasswordEmailService.ts
FN:15,(anonymous_5)
FN:26,(anonymous_6)
FNF:2
FNH:2
FNDA:3,(anonymous_5)
FNDA:3,(anonymous_6)
DA:1,1
DA:2,1
DA:4,1
DA:14,1
DA:17,3
DA:20,3
DA:23,3
DA:27,3
DA:29,3
DA:30,1
DA:33,2
DA:35,2
DA:42,2
DA:59,1
LF:14
LH:14
BRDA:29,0,0,1
BRDA:29,0,1,2
BRF:2
BRH:2
end_of_record
TN:
SF:src/modules/users/services/ShowProfileService.ts
FN:15,(anonymous_5)
FN:20,(anonymous_6)
FNF:2
FNH:2
FNDA:2,(anonymous_5)
FNDA:2,(anonymous_6)
DA:1,1
DA:3,1
DA:14,1
DA:17,2
DA:21,2
DA:23,2
DA:24,1
DA:27,1
DA:31,1
LF:9
LH:9
BRDA:23,0,0,1
BRDA:23,0,1,1
BRF:2
BRH:2
end_of_record
TN:
SF:src/modules/users/services/UpdateProfileService.ts
FN:22,(anonymous_5)
FN:30,(anonymous_6)
FNF:2
FNH:2
FNDA:6,(anonymous_5)
FNDA:6,(anonymous_6)
DA:1,1
DA:3,1
DA:21,1
DA:24,6
DA:27,6
DA:39,6
DA:41,6
DA:42,1
DA:45,5
DA:47,5
DA:48,1
DA:51,4
DA:52,4
DA:53,4
DA:54,4
DA:56,4
DA:57,1
DA:62,3
DA:63,2
DA:68,2
DA:69,1
DA:72,1
DA:75,2
DA:79,1
LF:24
LH:24
BRDA:41,0,0,1
BRDA:41,0,1,5
BRDA:47,1,0,1
BRDA:47,1,1,4
BRDA:47,2,0,5
BRDA:47,2,1,1
BRDA:56,3,0,1
BRDA:56,3,1,3
BRDA:56,4,0,4
BRDA:56,4,1,3
BRDA:62,5,0,2
BRDA:62,5,1,1
BRDA:62,6,0,3
BRDA:62,6,1,2
BRDA:68,7,0,1
BRDA:68,7,1,1
BRF:16
BRH:16
end_of_record
TN:
SF:src/modules/users/services/UpdateUserAvatarService.ts
FN:17,(anonymous_5)
FN:25,(anonymous_6)
FNF:2
FNH:2
FNDA:3,(anonymous_5)
FNDA:4,(anonymous_6)
DA:1,1
DA:3,1
DA:16,1
DA:19,3
DA:22,3
DA:26,4
DA:28,4
DA:29,1
DA:35,3
DA:36,1
DA:39,3
DA:41,3
DA:43,3
DA:45,3
DA:49,1
LF:15
LH:15
BRDA:28,0,0,1
BRDA:28,0,1,3
BRDA:35,1,0,1
BRDA:35,1,1,2
BRF:4
BRH:4
end_of_record
