TN:
SF:src/modules/users/services/AuthenticateUserService.ts
FN:23,(anonymous_5)
FN:31,(anonymous_6)
FNF:2
FNH:2
FNDA:3,(anonymous_5)
FNDA:3,(anonymous_6)
DA:1,1
DA:2,1
DA:3,1
DA:5,1
DA:22,1
DA:25,3
DA:28,3
DA:32,3
DA:34,3
DA:35,1
DA:38,2
DA:43,2
DA:44,1
DA:47,1
DA:49,1
DA:54,1
DA:58,1
LF:17
LH:17
BRDA:34,0,0,1
BRDA:34,0,1,2
BRDA:43,1,0,1
BRDA:43,1,1,1
BRF:4
BRH:4
end_of_record
TN:
SF:src/modules/users/services/CreateUserService.ts
FN:18,(anonymous_5)
FN:26,(anonymous_6)
FNF:2
FNH:2
FNDA:2,(anonymous_5)
FNDA:3,(anonymous_6)
DA:1,1
DA:3,1
DA:17,1
DA:20,2
DA:23,2
DA:32,3
DA:34,3
DA:35,1
DA:38,2
DA:40,2
DA:47,2
DA:51,1
LF:12
LH:12
BRDA:34,0,0,1
BRDA:34,0,1,2
BRF:2
BRH:2
end_of_record
TN:
SF:src/modules/users/services/ResetPasswordService.ts
FN:16,(anonymous_5)
FN:27,(anonymous_6)
FNF:2
FNH:2
FNDA:4,(anonymous_5)
FNDA:4,(anonymous_6)
DA:1,1
DA:2,1
DA:4,1
DA:15,1
DA:18,4
DA:21,4
DA:24,4
DA:28,4
DA:30,4
DA:31,1
DA:34,3
DA:36,3
DA:37,1
DA:40,2
DA:41,2
DA:43,2
DA:44,1
DA:47,1
DA:49,1
DA:53,1
LF:20
LH:20
BRDA:30,0,0,1
BRDA:30,0,1,3
BRDA:36,1,0,1
BRDA:36,1,1,2
BRDA:43,2,0,1
BRDA:43,2,1,1
BRF:6
BRH:6
end_of_record
TN:
SF:src/modules/users/services/SendForgotPasswordEmailService.ts
FN:15,(anonymous_5)
FN:26,(anonymous_6)
FNF:2
FNH:2
FNDA:3,(anonymous_5)
FNDA:3,(anonymous_6)
DA:1,1
DA:2,1
DA:4,1
DA:14,1
DA:17,3
DA:20,3
DA:23,3
DA:27,3
DA:29,3
DA:30,1
DA:33,2
DA:35,2
DA:42,2
DA:59,1
LF:14
LH:14
BRDA:29,0,0,1
BRDA:29,0,1,2
BRF:2
BRH:2
end_of_record
TN:
SF:src/modules/users/services/ShowProfileService.ts
FN:15,(anonymous_5)
FN:20,(anonymous_6)
FNF:2
FNH:2
FNDA:2,(anonymous_5)
FNDA:2,(anonymous_6)
DA:1,1
DA:3,1
DA:14,1
DA:17,2
DA:21,2
DA:23,2
DA:24,1
DA:27,1
DA:31,1
LF:9
LH:9
BRDA:23,0,0,1
BRDA:23,0,1,1
BRF:2
BRH:2
end_of_record
TN:
SF:src/modules/users/services/UpdateProfileService.ts
FN:21,(anonymous_5)
FN:29,(anonymous_6)
FNF:2
FNH:2
FNDA:6,(anonymous_5)
FNDA:6,(anonymous_6)
DA:1,1
DA:3,1
DA:20,1
DA:23,6
DA:26,6
DA:37,6
DA:39,6
DA:40,1
DA:43,5
DA:45,5
DA:46,1
DA:49,4
DA:50,4
DA:51,4
DA:53,4
DA:54,1
DA:59,3
DA:60,2
DA:65,2
DA:66,1
DA:69,1
DA:72,2
DA:76,1
LF:23
LH:23
BRDA:39,0,0,1
BRDA:39,0,1,5
BRDA:45,1,0,1
BRDA:45,1,1,4
BRDA:45,2,0,5
BRDA:45,2,1,1
BRDA:53,3,0,1
BRDA:53,3,1,3
BRDA:53,4,0,4
BRDA:53,4,1,3
BRDA:59,5,0,2
BRDA:59,5,1,1
BRDA:59,6,0,3
BRDA:59,6,1,2
BRDA:65,7,0,1
BRDA:65,7,1,1
BRF:16
BRH:16
end_of_record
TN:
SF:src/modules/users/services/UpdateUserAvatarService.ts
FN:17,(anonymous_5)
FN:25,(anonymous_6)
FNF:2
FNH:2
FNDA:3,(anonymous_5)
FNDA:4,(anonymous_6)
DA:1,1
DA:3,1
DA:16,1
DA:19,3
DA:22,3
DA:26,4
DA:28,4
DA:29,1
DA:35,3
DA:36,1
DA:39,3
DA:41,3
DA:43,3
DA:45,3
DA:49,1
LF:15
LH:15
BRDA:28,0,0,1
BRDA:28,0,1,3
BRDA:35,1,0,1
BRDA:35,1,1,2
BRF:4
BRH:4
end_of_record
